TN:
SF:src\app.js
FN:10,(anonymous_0)
FN:21,(anonymous_1)
FNF:2
FNH:2
FNDA:1,(anonymous_0)
FNDA:5,(anonymous_1)
DA:1,1
DA:2,1
DA:4,1
DA:6,1
DA:8,1
DA:10,1
DA:11,1
DA:14,1
DA:22,5
DA:23,5
DA:24,1
DA:27,4
DA:28,4
DA:34,3
DA:36,1
DA:41,1
LF:16
LH:16
BRDA:23,0,0,1
BRDA:23,0,1,4
BRF:2
BRH:2
end_of_record
TN:
SF:src\calcula-valor.js
FN:1,calcularMontante
FN:7,arredondar
FN:13,calcularPrestacoes
FN:17,(anonymous_3)
FN:24,(anonymous_4)
FNF:5
FNH:5
FNDA:5,calcularMontante
FNDA:41,arredondar
FNDA:8,calcularPrestacoes
FNDA:16,(anonymous_3)
FNDA:20,(anonymous_4)
DA:2,5
DA:3,5
DA:4,5
DA:8,41
DA:9,41
DA:10,41
DA:14,8
DA:15,8
DA:17,16
DA:18,8
DA:19,8
DA:20,8
DA:22,8
DA:23,7
DA:24,20
DA:25,7
DA:26,7
DA:29,8
DA:32,2
LF:19
LH:19
BRDA:19,0,0,5
BRDA:19,0,1,3
BRDA:20,1,0,5
BRDA:20,1,1,3
BRF:4
BRH:4
end_of_record
TN:
SF:src\consulta-cliente.js
FN:7,(anonymous_0)
FNF:1
FNH:1
FNDA:4,(anonymous_0)
DA:1,1
DA:3,1
DA:5,1
DA:7,1
DA:8,4
DA:10,4
DA:11,2
DA:17,4
DA:18,2
DA:19,2
DA:21,2
DA:22,1
DA:26,3
DA:27,3
DA:29,3
DA:31,3
DA:40,1
LF:17
LH:17
BRDA:10,0,0,2
BRDA:10,0,1,2
BRDA:17,1,0,2
BRDA:17,1,1,2
BRDA:21,2,0,1
BRDA:21,2,1,1
BRF:6
BRH:6
end_of_record
TN:
SF:src\mockdb.js
FN:3,encontrarCliente
FN:7,criarCliente
FN:12,novaConsulta
FN:16,limparDados
FNF:4
FNH:4
FNDA:6,encontrarCliente
FNDA:3,criarCliente
FNDA:3,novaConsulta
FNDA:5,limparDados
DA:1,1
DA:4,6
DA:8,3
DA:9,3
DA:13,3
DA:17,5
DA:20,1
LF:7
LH:7
BRF:0
BRH:0
end_of_record
TN:
SF:test\extensoes.js
FN:5,(anonymous_0)
FN:6,(anonymous_1)
FN:10,(anonymous_2)
FN:15,(anonymous_3)
FN:20,(anonymous_4)
FN:27,(anonymous_5)
FNF:6
FNH:3
FNDA:2,(anonymous_0)
FNDA:4,(anonymous_1)
FNDA:0,(anonymous_2)
FNDA:2,(anonymous_3)
FNDA:0,(anonymous_4)
FNDA:0,(anonymous_5)
DA:1,1
DA:3,1
DA:6,4
DA:7,2
DA:9,2
DA:10,0
DA:16,2
DA:17,4
DA:18,4
DA:19,0
DA:20,0
DA:26,2
DA:27,0
LF:13
LH:9
BRDA:18,0,0,0
BRDA:18,0,1,4
BRF:2
BRH:1
end_of_record
