{"C:\\cursos-e-bootcamps\\bootcamp-igti-node\\modulo4-topicos-especiais-desenv-backend\\projeto-01\\src\\calcula-valor.js": {"path":"C:\\cursos-e-bootcamps\\bootcamp-igti-node\\modulo4-topicos-especiais-desenv-backend\\projeto-01\\src\\calcula-valor.js","statementMap":{"0":{"start":{"line":19,"column":24},"end":{"line":19,"column":76}},"1":{"start":{"line":20,"column":21},"end":{"line":20,"column":64}},"2":{"start":{"line":22,"column":4},"end":{"line":22,"column":37}},"3":{"start":{"line":31,"column":21},"end":{"line":31,"column":24}},"4":{"start":{"line":32,"column":27},"end":{"line":32,"column":85}},"5":{"start":{"line":34,"column":4},"end":{"line":34,"column":26}},"6":{"start":{"line":44,"column":23},"end":{"line":44,"column":45}},"7":{"start":{"line":45,"column":24},"end":{"line":45,"column":51}},"8":{"start":{"line":46,"column":31},"end":{"line":46,"column":56}},"9":{"start":{"line":51,"column":22},"end":{"line":51,"column":58}},"10":{"start":{"line":55,"column":4},"end":{"line":57,"column":5}},"11":{"start":{"line":56,"column":8},"end":{"line":56,"column":87}},"12":{"start":{"line":60,"column":4},"end":{"line":60,"column":21}},"13":{"start":{"line":63,"column":0},"end":{"line":67,"column":2}}},"fnMap":{"0":{"name":"calcularMontante","decl":{"start":{"line":8,"column":9},"end":{"line":8,"column":25}},"loc":{"start":{"line":8,"column":51},"end":{"line":23,"column":1}},"line":8},"1":{"name":"arredondarValor","decl":{"start":{"line":30,"column":9},"end":{"line":30,"column":24}},"loc":{"start":{"line":30,"column":32},"end":{"line":35,"column":1}},"line":30},"2":{"name":"calcularPrestacoes","decl":{"start":{"line":43,"column":9},"end":{"line":43,"column":27}},"loc":{"start":{"line":43,"column":51},"end":{"line":61,"column":1}},"line":43}},"branchMap":{"0":{"loc":{"start":{"line":19,"column":24},"end":{"line":19,"column":76}},"type":"cond-expr","locations":[{"start":{"line":19,"column":53},"end":{"line":19,"column":65}},{"start":{"line":19,"column":68},"end":{"line":19,"column":76}}],"line":19},"1":{"loc":{"start":{"line":55,"column":4},"end":{"line":57,"column":5}},"type":"if","locations":[{"start":{"line":55,"column":4},"end":{"line":57,"column":5}},{"start":{"line":55,"column":4},"end":{"line":57,"column":5}}],"line":55}},"s":{"0":2,"1":2,"2":2,"3":13,"4":13,"5":13,"6":5,"7":5,"8":5,"9":5,"10":5,"11":3,"12":5,"13":1},"f":{"0":2,"1":13,"2":5},"b":{"0":[1,1],"1":[3,2]},"_coverageSchema":"1a1c01bbd47fc00a2c39e90264f33305004495a9","hash":"4df86575c7a743c828a170f6eb570494630995f0"}
}
