<?xml version="1.0" encoding="UTF-8"?>
<coverage generated="1632351917907" clover="3.2.0">
  <project timestamp="1632351917908" name="All files">
    <metrics statements="32" coveredstatements="28" conditionals="6" coveredconditionals="5" methods="11" coveredmethods="8" elements="49" coveredelements="41" complexity="0" loc="32" ncloc="32" packages="2" files="2" classes="2"/>
    <package name="src">
      <metrics statements="19" coveredstatements="19" conditionals="4" coveredconditionals="4" methods="5" coveredmethods="5"/>
      <file name="calcula-valor.js" path="C:\cursos-e-bootcamps\bootcamp-igti-node\modulo4-topicos-especiais-desenv-backend\projetos-instrutor\01-calcula-valor\src\calcula-valor.js">
        <metrics statements="19" coveredstatements="19" conditionals="4" coveredconditionals="4" methods="5" coveredmethods="5"/>
        <line num="2" count="2" type="stmt"/>
        <line num="3" count="2" type="stmt"/>
        <line num="4" count="2" type="stmt"/>
        <line num="8" count="25" type="stmt"/>
        <line num="9" count="25" type="stmt"/>
        <line num="10" count="25" type="stmt"/>
        <line num="14" count="5" type="stmt"/>
        <line num="15" count="5" type="stmt"/>
        <line num="17" count="10" type="stmt"/>
        <line num="18" count="4" type="stmt"/>
        <line num="19" count="4" type="cond" truecount="2" falsecount="0"/>
        <line num="20" count="4" type="cond" truecount="2" falsecount="0"/>
        <line num="22" count="4" type="stmt"/>
        <line num="23" count="4" type="stmt"/>
        <line num="24" count="14" type="stmt"/>
        <line num="25" count="4" type="stmt"/>
        <line num="26" count="4" type="stmt"/>
        <line num="29" count="4" type="stmt"/>
        <line num="32" count="1" type="stmt"/>
      </file>
    </package>
    <package name="test">
      <metrics statements="13" coveredstatements="9" conditionals="2" coveredconditionals="1" methods="6" coveredmethods="3"/>
      <file name="extensoes.js" path="C:\cursos-e-bootcamps\bootcamp-igti-node\modulo4-topicos-especiais-desenv-backend\projetos-instrutor\01-calcula-valor\test\extensoes.js">
        <metrics statements="13" coveredstatements="9" conditionals="2" coveredconditionals="1" methods="6" coveredmethods="3"/>
        <line num="1" count="1" type="stmt"/>
        <line num="3" count="1" type="stmt"/>
        <line num="6" count="4" type="stmt"/>
        <line num="7" count="2" type="stmt"/>
        <line num="9" count="2" type="stmt"/>
        <line num="10" count="0" type="stmt"/>
        <line num="16" count="2" type="stmt"/>
        <line num="17" count="4" type="stmt"/>
        <line num="18" count="4" type="cond" truecount="1" falsecount="1"/>
        <line num="19" count="0" type="stmt"/>
        <line num="20" count="0" type="stmt"/>
        <line num="26" count="2" type="stmt"/>
        <line num="27" count="0" type="stmt"/>
      </file>
    </package>
  </project>
</coverage>
