TN:
SF:src\calcula-valor.js
FN:1,calcularMontante
FN:7,arredondar
FN:13,calcularPrestacoes
FN:17,(anonymous_3)
FN:24,(anonymous_4)
FNF:5
FNH:5
FNDA:2,calcularMontante
FNDA:25,arredondar
FNDA:5,calcularPrestacoes
FNDA:10,(anonymous_3)
FNDA:14,(anonymous_4)
DA:2,2
DA:3,2
DA:4,2
DA:8,25
DA:9,25
DA:10,25
DA:14,5
DA:15,5
DA:17,10
DA:18,4
DA:19,4
DA:20,4
DA:22,4
DA:23,4
DA:24,14
DA:25,4
DA:26,4
DA:29,4
DA:32,1
LF:19
LH:19
BRDA:19,0,0,2
BRDA:19,0,1,2
BRDA:20,1,0,2
BRDA:20,1,1,2
BRF:4
BRH:4
end_of_record
TN:
SF:test\extensoes.js
FN:5,(anonymous_0)
FN:6,(anonymous_1)
FN:10,(anonymous_2)
FN:15,(anonymous_3)
FN:20,(anonymous_4)
FN:27,(anonymous_5)
FNF:6
FNH:3
FNDA:2,(anonymous_0)
FNDA:4,(anonymous_1)
FNDA:0,(anonymous_2)
FNDA:2,(anonymous_3)
FNDA:0,(anonymous_4)
FNDA:0,(anonymous_5)
DA:1,1
DA:3,1
DA:6,4
DA:7,2
DA:9,2
DA:10,0
DA:16,2
DA:17,4
DA:18,4
DA:19,0
DA:20,0
DA:26,2
DA:27,0
LF:13
LH:9
BRDA:18,0,0,0
BRDA:18,0,1,4
BRF:2
BRH:1
end_of_record
